###############################################################################
#                                                                             #
# IAR C/C++ Compiler V7.60.1.40026 for 8051             12/Sep/2015  22:23:37 #
# Copyright (C) 2004-2010 IAR Systems AB.                                     #
#                                                                             #
#    Core               =  plain                                              #
#    Code model         =  banked                                             #
#    Data model         =  large                                              #
#    Calling convention =  xdata reentrant                                    #
#    Constant location  =  data_rom                                           #
#    Dptr setup         =  1,16                                               #
#    Source file        =  E:\◊ ¡œ\ZigBee\ ‘—Èœ‰π‚≈Ã\∂‡Õ®µ¿Õ¯πÿ÷˜∞Âª˘¥° µ—È‘¥ #
#                          ¬Î°æ1°ø\zigbee—ßœ∞  µ—È‘¥≥Ã–Ú\Zigbee2007\ZigBee200 #
#                          7_PRO≥Ã–Ú\ZigBee2007_PRO≥Ã–Ú\Texas                 #
#                          Instruments\ZStack-CC2530-2.2.0-1.3.0\Components\h #
#                          al\target\CC2530EB\lcd128_64.c                     #
#    Command line       =  -f "E:\◊ ¡œ\ZigBee\ ‘—Èœ‰π‚≈Ã\∂‡Õ®µ¿Õ¯πÿ÷˜∞Âª˘¥° µ #
#                          —È‘¥¬Î°æ1°ø\zigbee—ßœ∞  µ—È‘¥≥Ã–Ú\Zigbee2007\ZigBe #
#                          e2007_PRO≥Ã–Ú\ZigBee2007_PRO≥Ã–Ú\Texas             #
#                          Instruments\ZStack-CC2530-2.2.0-1.3.0\Projects\zst #
#                          ack\Samples\SampleApp\CC2530DB\..\..\..\Tools\CC25 #
#                          30DB\f8wRouter.cfg" (-DCPU32MHZ                    #
#                          -DROOT=__near_func -DMAC_CFG_APP_PENDING_QUEUE=TRU #
#                          E -DRTR_NWK -DBLINK_LEDS) -f                       #
#                          "E:\◊ ¡œ\ZigBee\ ‘—Èœ‰π‚≈Ã\∂‡Õ®µ¿Õ¯πÿ÷˜∞Âª˘¥° µ—È‘ #
#                          ¥¬Î°æ1°ø\zigbee—ßœ∞  µ—È‘¥≥Ã–Ú\Zigbee2007\ZigBee20 #
#                          07_PRO≥Ã–Ú\ZigBee2007_PRO≥Ã–Ú\Texas                #
#                          Instruments\ZStack-CC2530-2.2.0-1.3.0\Projects\zst #
#                          ack\Samples\SampleApp\CC2530DB\..\..\..\Tools\CC25 #
#                          30DB\f8wConfig.cfg" (-DSECURE=0                    #
#                          -DZG_SECURE_DYNAMIC=0 -DREFLECTOR                  #
#                          -DDEFAULT_CHANLIST=0x04000000                      #
#                          -DZDAPP_CONFIG_PAN_ID=0xFFFF                       #
#                          -DNWK_START_DELAY=100 -DEXTENDED_JOINING_RANDOM_MA #
#                          SK=0x007F -DBEACON_REQUEST_DELAY=100               #
#                          -DBEACON_REQ_DELAY_MASK=0x00FF                     #
#                          -DROUTE_EXPIRY_TIME=30 -DAPSC_ACK_WAIT_DURATION_PO #
#                          LLED=3000 -DNWK_INDIRECT_MSG_TIMEOUT=7             #
#                          -DMAX_RREQ_ENTRIES=8 -DAPSC_MAX_FRAME_RETRIES=3    #
#                          -DNWK_MAX_DATA_RETRIES=2                           #
#                          -DMAX_POLL_FAILURE_RETRIES=2 -DMAX_BCAST=9         #
#                          -DAPS_MAX_GROUPS=16 -DMAX_RTG_ENTRIES=40           #
#                          -DNWK_MAX_BINDING_ENTRIES=4                        #
#                          -DMAX_BINDING_CLUSTER_IDS=4 "-DDEFAULT_KEY={0x01,  #
#                          0x03, 0x05, 0x07, 0x09, 0x0B, 0x0D, 0x0F, 0x00,    #
#                          0x02, 0x04, 0x06, 0x08, 0x0A, 0x0C, 0x0D}"         #
#                          -DMAC_MAX_FRAME_SIZE=116 "-DCONST=const __code"    #
#                          -DGENERIC=__generic -DRFD_RCVC_ALWAYS_ON=FALSE     #
#                          -DPOLL_RATE=1000 -DQUEUED_POLL_RATE=100            #
#                          -DRESPONSE_POLL_RATE=100) -DREJOIN_POLL_RATE=440   #
#                          "E:\◊ ¡œ\ZigBee\ ‘—Èœ‰π‚≈Ã\∂‡Õ®µ¿Õ¯πÿ÷˜∞Âª˘¥° µ—È‘ #
#                          ¥¬Î°æ1°ø\zigbee—ßœ∞  µ—È‘¥≥Ã–Ú\Zigbee2007\ZigBee20 #
#                          07_PRO≥Ã–Ú\ZigBee2007_PRO≥Ã–Ú\Texas                #
#                          Instruments\ZStack-CC2530-2.2.0-1.3.0\Components\h #
#                          al\target\CC2530EB\lcd128_64.c" -D ZIGBEEPRO -D    #
#                          ZTOOL_P1 -D MT_TASK -D MT_SYS_FUNC -D MT_ZDO_FUNC  #
#                          -D LCD_SUPPORTED=DEBUG -lC                         #
#                          "E:\◊ ¡œ\ZigBee\ ‘—Èœ‰π‚≈Ã\∂‡Õ®µ¿Õ¯πÿ÷˜∞Âª˘¥° µ—È‘ #
#                          ¥¬Î°æ1°ø\zigbee—ßœ∞  µ—È‘¥≥Ã–Ú\Zigbee2007\ZigBee20 #
#                          07_PRO≥Ã–Ú\ZigBee2007_PRO≥Ã–Ú\Texas                #
#                          Instruments\ZStack-CC2530-2.2.0-1.3.0\Projects\zst #
#                          ack\Samples\SampleApp\CC2530DB\RouterEB-Pro\List\" #
#                           -lA "E:\◊ ¡œ\ZigBee\ ‘—Èœ‰π‚≈Ã\∂‡Õ®µ¿Õ¯πÿ÷˜∞Âª˘¥° #
#                           µ—È‘¥¬Î°æ1°ø\zigbee—ßœ∞                           #
#                           µ—È‘¥≥Ã–Ú\Zigbee2007\ZigBee2007_PRO≥Ã–Ú\ZigBee200 #
#                          7_PRO≥Ã–Ú\Texas Instruments\ZStack-CC2530-2.2.0-1. #
#                          3.0\Projects\zstack\Samples\SampleApp\CC2530DB\Rou #
#                          terEB-Pro\List\" --diag_suppress Pe001,Pa010 -o    #
#                          "E:\◊ ¡œ\ZigBee\ ‘—Èœ‰π‚≈Ã\∂‡Õ®µ¿Õ¯πÿ÷˜∞Âª˘¥° µ—È‘ #
#                          ¥¬Î°æ1°ø\zigbee—ßœ∞  µ—È‘¥≥Ã–Ú\Zigbee2007\ZigBee20 #
#                          07_PRO≥Ã–Ú\ZigBee2007_PRO≥Ã–Ú\Texas                #
#                          Instruments\ZStack-CC2530-2.2.0-1.3.0\Projects\zst #
#                          ack\Samples\SampleApp\CC2530DB\RouterEB-Pro\Obj\"  #
#                          -e --require_prototypes --debug --core=plain       #
#                          --dptr=16,1 --data_model=large                     #
#                          --code_model=banked --calling_convention=xdata_ree #
#                          ntrant --place_constants=data_rom                  #
#                          --nr_virtual_regs 8 -I "E:\◊ ¡œ\ZigBee\ ‘—Èœ‰π‚≈Ã\ #
#                          ∂‡Õ®µ¿Õ¯πÿ÷˜∞Âª˘¥° µ—È‘¥¬Î°æ1°ø\zigbee—ßœ∞         #
#                           µ—È‘¥≥Ã–Ú\Zigbee2007\ZigBee2007_PRO≥Ã–Ú\ZigBee200 #
#                          7_PRO≥Ã–Ú\Texas Instruments\ZStack-CC2530-2.2.0-1. #
#                          3.0\Projects\zstack\Samples\SampleApp\CC2530DB\"   #
#                          -I "E:\◊ ¡œ\ZigBee\ ‘—Èœ‰π‚≈Ã\∂‡Õ®µ¿Õ¯πÿ÷˜∞Âª˘¥° µ #
#                          —È‘¥¬Î°æ1°ø\zigbee—ßœ∞  µ—È‘¥≥Ã–Ú\Zigbee2007\ZigBe #
#                          e2007_PRO≥Ã–Ú\ZigBee2007_PRO≥Ã–Ú\Texas             #
#                          Instruments\ZStack-CC2530-2.2.0-1.3.0\Projects\zst #
#                          ack\Samples\SampleApp\CC2530DB\..\SOURCE\" -I      #
#                          "E:\◊ ¡œ\ZigBee\ ‘—Èœ‰π‚≈Ã\∂‡Õ®µ¿Õ¯πÿ÷˜∞Âª˘¥° µ—È‘ #
#                          ¥¬Î°æ1°ø\zigbee—ßœ∞  µ—È‘¥≥Ã–Ú\Zigbee2007\ZigBee20 #
#                          07_PRO≥Ã–Ú\ZigBee2007_PRO≥Ã–Ú\Texas                #
#                          Instruments\ZStack-CC2530-2.2.0-1.3.0\Projects\zst #
#                          ack\Samples\SampleApp\CC2530DB\..\..\..\ZMAIN\TI25 #
#                          30DB\" -I "E:\◊ ¡œ\ZigBee\ ‘—Èœ‰π‚≈Ã\∂‡Õ®µ¿Õ¯πÿ÷˜∞ #
#                          Âª˘¥° µ—È‘¥¬Î°æ1°ø\zigbee—ßœ∞                      #
#                           µ—È‘¥≥Ã–Ú\Zigbee2007\ZigBee2007_PRO≥Ã–Ú\ZigBee200 #
#                          7_PRO≥Ã–Ú\Texas Instruments\ZStack-CC2530-2.2.0-1. #
#                          3.0\Projects\zstack\Samples\SampleApp\CC2530DB\..\ #
#                          ..\..\..\..\COMPONENTS\MT\" -I                     #
#                          "E:\◊ ¡œ\ZigBee\ ‘—Èœ‰π‚≈Ã\∂‡Õ®µ¿Õ¯πÿ÷˜∞Âª˘¥° µ—È‘ #
#                          ¥¬Î°æ1°ø\zigbee—ßœ∞  µ—È‘¥≥Ã–Ú\Zigbee2007\ZigBee20 #
#                          07_PRO≥Ã–Ú\ZigBee2007_PRO≥Ã–Ú\Texas                #
#                          Instruments\ZStack-CC2530-2.2.0-1.3.0\Projects\zst #
#                          ack\Samples\SampleApp\CC2530DB\..\..\..\..\..\COMP #
#                          ONENTS\HAL\INCLUDE\" -I "E:\◊ ¡œ\ZigBee\ ‘—Èœ‰π‚≈Ã #
#                          \∂‡Õ®µ¿Õ¯πÿ÷˜∞Âª˘¥° µ—È‘¥¬Î°æ1°ø\zigbee—ßœ∞        #
#                           µ—È‘¥≥Ã–Ú\Zigbee2007\ZigBee2007_PRO≥Ã–Ú\ZigBee200 #
#                          7_PRO≥Ã–Ú\Texas Instruments\ZStack-CC2530-2.2.0-1. #
#                          3.0\Projects\zstack\Samples\SampleApp\CC2530DB\..\ #
#                          ..\..\..\..\COMPONENTS\HAL\TARGET\CC2530EB\" -I    #
#                          "E:\◊ ¡œ\ZigBee\ ‘—Èœ‰π‚≈Ã\∂‡Õ®µ¿Õ¯πÿ÷˜∞Âª˘¥° µ—È‘ #
#                          ¥¬Î°æ1°ø\zigbee—ßœ∞  µ—È‘¥≥Ã–Ú\Zigbee2007\ZigBee20 #
#                          07_PRO≥Ã–Ú\ZigBee2007_PRO≥Ã–Ú\Texas                #
#                          Instruments\ZStack-CC2530-2.2.0-1.3.0\Projects\zst #
#                          ack\Samples\SampleApp\CC2530DB\..\..\..\..\..\COMP #
#                          ONENTS\OSAL\MCU\CCSOC\" -I                         #
#                          "E:\◊ ¡œ\ZigBee\ ‘—Èœ‰π‚≈Ã\∂‡Õ®µ¿Õ¯πÿ÷˜∞Âª˘¥° µ—È‘ #
#                          ¥¬Î°æ1°ø\zigbee—ßœ∞  µ—È‘¥≥Ã–Ú\Zigbee2007\ZigBee20 #
#                          07_PRO≥Ã–Ú\ZigBee2007_PRO≥Ã–Ú\Texas                #
#                          Instruments\ZStack-CC2530-2.2.0-1.3.0\Projects\zst #
#                          ack\Samples\SampleApp\CC2530DB\..\..\..\..\..\COMP #
#                          ONENTS\OSAL\INCLUDE\" -I                           #
#                          "E:\◊ ¡œ\ZigBee\ ‘—Èœ‰π‚≈Ã\∂‡Õ®µ¿Õ¯πÿ÷˜∞Âª˘¥° µ—È‘ #
#                          ¥¬Î°æ1°ø\zigbee—ßœ∞  µ—È‘¥≥Ã–Ú\Zigbee2007\ZigBee20 #
#                          07_PRO≥Ã–Ú\ZigBee2007_PRO≥Ã–Ú\Texas                #
#                          Instruments\ZStack-CC2530-2.2.0-1.3.0\Projects\zst #
#                          ack\Samples\SampleApp\CC2530DB\..\..\..\..\..\COMP #
#                          ONENTS\STACK\AF\" -I "E:\◊ ¡œ\ZigBee\ ‘—Èœ‰π‚≈Ã\∂‡ #
#                          Õ®µ¿Õ¯πÿ÷˜∞Âª˘¥° µ—È‘¥¬Î°æ1°ø\zigbee—ßœ∞           #
#                           µ—È‘¥≥Ã–Ú\Zigbee2007\ZigBee2007_PRO≥Ã–Ú\ZigBee200 #
#                          7_PRO≥Ã–Ú\Texas Instruments\ZStack-CC2530-2.2.0-1. #
#                          3.0\Projects\zstack\Samples\SampleApp\CC2530DB\..\ #
#                          ..\..\..\..\COMPONENTS\STACK\NWK\" -I              #
#                          "E:\◊ ¡œ\ZigBee\ ‘—Èœ‰π‚≈Ã\∂‡Õ®µ¿Õ¯πÿ÷˜∞Âª˘¥° µ—È‘ #
#                          ¥¬Î°æ1°ø\zigbee—ßœ∞  µ—È‘¥≥Ã–Ú\Zigbee2007\ZigBee20 #
#                          07_PRO≥Ã–Ú\ZigBee2007_PRO≥Ã–Ú\Texas                #
#                          Instruments\ZStack-CC2530-2.2.0-1.3.0\Projects\zst #
#                          ack\Samples\SampleApp\CC2530DB\..\..\..\..\..\COMP #
#                          ONENTS\STACK\SEC\" -I "E:\◊ ¡œ\ZigBee\ ‘—Èœ‰π‚≈Ã\∂ #
#                          ‡Õ®µ¿Õ¯πÿ÷˜∞Âª˘¥° µ—È‘¥¬Î°æ1°ø\zigbee—ßœ∞          #
#                           µ—È‘¥≥Ã–Ú\Zigbee2007\ZigBee2007_PRO≥Ã–Ú\ZigBee200 #
#                          7_PRO≥Ã–Ú\Texas Instruments\ZStack-CC2530-2.2.0-1. #
#                          3.0\Projects\zstack\Samples\SampleApp\CC2530DB\..\ #
#                          ..\..\..\..\COMPONENTS\STACK\SAPI\" -I             #
#                          "E:\◊ ¡œ\ZigBee\ ‘—Èœ‰π‚≈Ã\∂‡Õ®µ¿Õ¯πÿ÷˜∞Âª˘¥° µ—È‘ #
#                          ¥¬Î°æ1°ø\zigbee—ßœ∞  µ—È‘¥≥Ã–Ú\Zigbee2007\ZigBee20 #
#                          07_PRO≥Ã–Ú\ZigBee2007_PRO≥Ã–Ú\Texas                #
#                          Instruments\ZStack-CC2530-2.2.0-1.3.0\Projects\zst #
#                          ack\Samples\SampleApp\CC2530DB\..\..\..\..\..\COMP #
#                          ONENTS\STACK\SYS\" -I "E:\◊ ¡œ\ZigBee\ ‘—Èœ‰π‚≈Ã\∂ #
#                          ‡Õ®µ¿Õ¯πÿ÷˜∞Âª˘¥° µ—È‘¥¬Î°æ1°ø\zigbee—ßœ∞          #
#                           µ—È‘¥≥Ã–Ú\Zigbee2007\ZigBee2007_PRO≥Ã–Ú\ZigBee200 #
#                          7_PRO≥Ã–Ú\Texas Instruments\ZStack-CC2530-2.2.0-1. #
#                          3.0\Projects\zstack\Samples\SampleApp\CC2530DB\..\ #
#                          ..\..\..\..\COMPONENTS\STACK\ZDO\" -I              #
#                          "E:\◊ ¡œ\ZigBee\ ‘—Èœ‰π‚≈Ã\∂‡Õ®µ¿Õ¯πÿ÷˜∞Âª˘¥° µ—È‘ #
#                          ¥¬Î°æ1°ø\zigbee—ßœ∞  µ—È‘¥≥Ã–Ú\Zigbee2007\ZigBee20 #
#                          07_PRO≥Ã–Ú\ZigBee2007_PRO≥Ã–Ú\Texas                #
#                          Instruments\ZStack-CC2530-2.2.0-1.3.0\Projects\zst #
#                          ack\Samples\SampleApp\CC2530DB\..\..\..\..\..\COMP #
#                          ONENTS\ZMAC\F8W\" -I "E:\◊ ¡œ\ZigBee\ ‘—Èœ‰π‚≈Ã\∂‡ #
#                          Õ®µ¿Õ¯πÿ÷˜∞Âª˘¥° µ—È‘¥¬Î°æ1°ø\zigbee—ßœ∞           #
#                           µ—È‘¥≥Ã–Ú\Zigbee2007\ZigBee2007_PRO≥Ã–Ú\ZigBee200 #
#                          7_PRO≥Ã–Ú\Texas Instruments\ZStack-CC2530-2.2.0-1. #
#                          3.0\Projects\zstack\Samples\SampleApp\CC2530DB\..\ #
#                          ..\..\..\..\COMPONENTS\ZMAC\" -I                   #
#                          "E:\◊ ¡œ\ZigBee\ ‘—Èœ‰π‚≈Ã\∂‡Õ®µ¿Õ¯πÿ÷˜∞Âª˘¥° µ—È‘ #
#                          ¥¬Î°æ1°ø\zigbee—ßœ∞  µ—È‘¥≥Ã–Ú\Zigbee2007\ZigBee20 #
#                          07_PRO≥Ã–Ú\ZigBee2007_PRO≥Ã–Ú\Texas                #
#                          Instruments\ZStack-CC2530-2.2.0-1.3.0\Projects\zst #
#                          ack\Samples\SampleApp\CC2530DB\..\..\..\..\..\COMP #
#                          ONENTS\SERVICES\SADDR\" -I                         #
#                          "E:\◊ ¡œ\ZigBee\ ‘—Èœ‰π‚≈Ã\∂‡Õ®µ¿Õ¯πÿ÷˜∞Âª˘¥° µ—È‘ #
#                          ¥¬Î°æ1°ø\zigbee—ßœ∞  µ—È‘¥≥Ã–Ú\Zigbee2007\ZigBee20 #
#                          07_PRO≥Ã–Ú\ZigBee2007_PRO≥Ã–Ú\Texas                #
#                          Instruments\ZStack-CC2530-2.2.0-1.3.0\Projects\zst #
#                          ack\Samples\SampleApp\CC2530DB\..\..\..\..\..\COMP #
#                          ONENTS\SERVICES\SDATA\" -I                         #
#                          "E:\◊ ¡œ\ZigBee\ ‘—Èœ‰π‚≈Ã\∂‡Õ®µ¿Õ¯πÿ÷˜∞Âª˘¥° µ—È‘ #
#                          ¥¬Î°æ1°ø\zigbee—ßœ∞  µ—È‘¥≥Ã–Ú\Zigbee2007\ZigBee20 #
#                          07_PRO≥Ã–Ú\ZigBee2007_PRO≥Ã–Ú\Texas                #
#                          Instruments\ZStack-CC2530-2.2.0-1.3.0\Projects\zst #
#                          ack\Samples\SampleApp\CC2530DB\..\..\..\..\..\COMP #
#                          ONENTS\MAC\INCLUDE\" -I "E:\◊ ¡œ\ZigBee\ ‘—Èœ‰π‚≈Ã #
#                          \∂‡Õ®µ¿Õ¯πÿ÷˜∞Âª˘¥° µ—È‘¥¬Î°æ1°ø\zigbee—ßœ∞        #
#                           µ—È‘¥≥Ã–Ú\Zigbee2007\ZigBee2007_PRO≥Ã–Ú\ZigBee200 #
#                          7_PRO≥Ã–Ú\Texas Instruments\ZStack-CC2530-2.2.0-1. #
#                          3.0\Projects\zstack\Samples\SampleApp\CC2530DB\..\ #
#                          ..\..\..\..\COMPONENTS\MAC\HIGH_LEVEL\" -I         #
#                          "E:\◊ ¡œ\ZigBee\ ‘—Èœ‰π‚≈Ã\∂‡Õ®µ¿Õ¯πÿ÷˜∞Âª˘¥° µ—È‘ #
#                          ¥¬Î°æ1°ø\zigbee—ßœ∞  µ—È‘¥≥Ã–Ú\Zigbee2007\ZigBee20 #
#                          07_PRO≥Ã–Ú\ZigBee2007_PRO≥Ã–Ú\Texas                #
#                          Instruments\ZStack-CC2530-2.2.0-1.3.0\Projects\zst #
#                          ack\Samples\SampleApp\CC2530DB\..\..\..\..\..\COMP #
#                          ONENTS\MAC\LOW_LEVEL\srf04\" -I                    #
#                          "E:\◊ ¡œ\ZigBee\ ‘—Èœ‰π‚≈Ã\∂‡Õ®µ¿Õ¯πÿ÷˜∞Âª˘¥° µ—È‘ #
#                          ¥¬Î°æ1°ø\zigbee—ßœ∞  µ—È‘¥≥Ã–Ú\Zigbee2007\ZigBee20 #
#                          07_PRO≥Ã–Ú\ZigBee2007_PRO≥Ã–Ú\Texas                #
#                          Instruments\ZStack-CC2530-2.2.0-1.3.0\Projects\zst #
#                          ack\Samples\SampleApp\CC2530DB\..\..\..\..\..\COMP #
#                          ONENTS\MAC\LOW_LEVEL\srf04\SINGLE_CHIP\" -I        #
#                          "D:\Program Files\IAR Systems\Embedded Workbench   #
#                          5.4\8051\INC\" -I "D:\Program Files\IAR            #
#                          Systems\Embedded Workbench 5.4\8051\INC\CLIB\"     #
#                          -Ohz                                               #
#    List file          =  E:\◊ ¡œ\ZigBee\ ‘—Èœ‰π‚≈Ã\∂‡Õ®µ¿Õ¯πÿ÷˜∞Âª˘¥° µ—È‘¥ #
#                          ¬Î°æ1°ø\zigbee—ßœ∞  µ—È‘¥≥Ã–Ú\Zigbee2007\ZigBee200 #
#                          7_PRO≥Ã–Ú\ZigBee2007_PRO≥Ã–Ú\Texas                 #
#                          Instruments\ZStack-CC2530-2.2.0-1.3.0\Projects\zst #
#                          ack\Samples\SampleApp\CC2530DB\RouterEB-Pro\List\l #
#                          cd128_64.lst                                       #
#    Object file        =  E:\◊ ¡œ\ZigBee\ ‘—Èœ‰π‚≈Ã\∂‡Õ®µ¿Õ¯πÿ÷˜∞Âª˘¥° µ—È‘¥ #
#                          ¬Î°æ1°ø\zigbee—ßœ∞  µ—È‘¥≥Ã–Ú\Zigbee2007\ZigBee200 #
#                          7_PRO≥Ã–Ú\ZigBee2007_PRO≥Ã–Ú\Texas                 #
#                          Instruments\ZStack-CC2530-2.2.0-1.3.0\Projects\zst #
#                          ack\Samples\SampleApp\CC2530DB\RouterEB-Pro\Obj\lc #
#                          d128_64.r51                                        #
#                                                                             #
#                                                                             #
###############################################################################



 
 
 0 bytes of memory

Errors: none
Warnings: none
